Traceback (most recent call last):
  File "c:\program files\python38\lib\site-packages\jupyter_cache\executors\utils.py", line 51, in single_nb_execution
    executenb(
  File "c:\program files\python38\lib\site-packages\nbclient\client.py", line 1204, in execute
    return NotebookClient(nb=nb, resources=resources, km=km, **kwargs).execute()
  File "c:\program files\python38\lib\site-packages\nbclient\util.py", line 84, in wrapped
    return just_run(coro(*args, **kwargs))
  File "c:\program files\python38\lib\site-packages\nbclient\util.py", line 62, in just_run
    return loop.run_until_complete(coro)
  File "c:\program files\python38\lib\asyncio\base_events.py", line 616, in run_until_complete
    return future.result()
  File "c:\program files\python38\lib\site-packages\nbclient\client.py", line 663, in async_execute
    await self.async_execute_cell(
  File "c:\program files\python38\lib\site-packages\nbclient\client.py", line 965, in async_execute_cell
    await self._check_raise_for_error(cell, cell_index, exec_reply)
  File "c:\program files\python38\lib\site-packages\nbclient\client.py", line 862, in _check_raise_for_error
    raise CellExecutionError.from_cell_and_msg(cell, exec_reply_content)
nbclient.exceptions.CellExecutionError: An error occurred while executing the following cell:
------------------
# import required modules
import rospy
from std_msgs.msg import String
------------------

[1;31m---------------------------------------------------------------------------[0m
[1;31mModuleNotFoundError[0m                       Traceback (most recent call last)
Input [1;32mIn [1][0m, in [0;36m<cell line: 2>[1;34m()[0m
[0;32m      1[0m [38;5;66;03m# import required modules[39;00m
[1;32m----> 2[0m [38;5;28;01mimport[39;00m [38;5;21;01mrospy[39;00m
[0;32m      3[0m [38;5;28;01mfrom[39;00m [38;5;21;01mstd_msgs[39;00m[38;5;21;01m.[39;00m[38;5;21;01mmsg[39;00m [38;5;28;01mimport[39;00m String

[1;31mModuleNotFoundError[0m: No module named 'rospy'
ModuleNotFoundError: No module named 'rospy'

